{"name": "test_ct14", "status": "failed", "statusDetails": {"message": "AssertionError", "trace": "def test_ct14():\n        webdriver.get(url)\n        criar_atividade.caminho()\n>       criar_atividade.ct14_criar_atividade(\n            tema        = 'teste datas invalidas ct14',\n            descricao   = 'teste hora incoerente',\n            vagas       = '30',\n            duracao     = '1',\n            sala        = '103',\n            data        = '12/12/2020',\n            hora_inicio = '0800',\n            hora_fim    = '2200'\n        )\n\ntests\\test_criar_atividade.py:54: \n_ _ _ _ _ _ _ _ _ _ _ _ _ _ _ _ _ _ _ _ _ _ _ _ _ _ _ _ _ _ _ _ _ _ _ _ _ _ _ _ _ _ _ _ _ _ _ _ _ _ _ _ _ _ _ _ _ _ _ _ _ _ _ _ _ _ _ _ _ _ _ _ _ _ _ _ _ _ _ _ _ _ _ _ _ _ _ _ _ _ _ _ _ _ _ _ _ _ _ _ _ _ _ _ _ _ _ _ _ _ _ _ _ _ _ _\n\nself = <pages.page_criar_atividade.criarAtividade object at 0x0000025D40728940>, tema = 'teste datas invalidas ct14', descricao = 'teste hora incoerente', vagas = '30', duracao = '1', sala = '103', data = '12/12/2020'\nhora_inicio = '0800', hora_fim = '2200'\n\n    def ct14_criar_atividade(self, tema, descricao, vagas, duracao, sala, data, hora_inicio, hora_fim):\n        try:\n            sleep(1)\n            self.find_element(self.combo_tipo).click()\n            self.find_element(self.tipo).click()\n            self.find_element(self.tema).send_keys(tema)\n            self.find_element(self.descricao).send_keys(descricao)\n            self.find_element(self.vagas).send_keys(vagas)\n            self.find_element(self.duracao).send_keys(duracao)\n    \n            # DATAS DA ATIVIDADE\n            self.find_element(self.btn_definir).click()\n            sleep(2)\n            self.find_element(self.sala).send_keys(sala)\n            self.find_element(self.data).clear()\n            self.find_element(self.data).send_keys(data)\n            self.find_element(self.hora_inicio).send_keys(hora_inicio)\n            self.find_element(self.hora_fim).send_keys(hora_fim)\n            self.find_element(self.btn_adicionar).click()\n            sleep(1)\n            self.find_element(self.btn_salvar_datas).click()\n            sleep(1)\n            self.find_element(self.btn_salvar).click()\n            msg = self.espera_mensagem()\n            if msg is True:\n                txt = self.find_element(self.alert_texto).text\n                if txt == \"Atividade salva com sucesso\":\n                    print(\"\\n [!] CT_14 sem erros: \" + txt)\n>                   assert False\nE                   AssertionError\n\npages\\page_criar_atividade.py:226: AssertionError"}, "start": 1606178622423, "stop": 1606178639534, "uuid": "13b01198-93cd-48a4-8787-80aef96a8ed9", "historyId": "526630de0db32296a8a9e11830a7e960", "testCaseId": "70c2a7ac38895824f322f2424ee3d451", "fullName": "tests.test_criar_atividade#test_ct14", "labels": [{"name": "parentSuite", "value": "tests"}, {"name": "suite", "value": "test_criar_atividade"}, {"name": "host", "value": "DESKTOP-OFT3SDL"}, {"name": "thread", "value": "15312-MainThread"}, {"name": "framework", "value": "pytest"}, {"name": "language", "value": "cpython3"}, {"name": "package", "value": "tests.test_criar_atividade"}]}